['apple_pie', 'baby_back_ribs', 'baklava', 'beef_carpaccio', 'beef_tartare', 'beet_salad', 'beignets', 'bibimbap', 'bread_pudding', 'breakfast_burrito', 'bruschetta', 'caesar_salad', 'cannoli', 'caprese_salad', 'carrot_cake', 'ceviche', 'cheese_plate', 'cheesecake', 'chicken_curry', 'chicken_quesadilla', 'chicken_wings', 'chocolate_cake', 'chocolate_mousse', 'churros', 'clam_chowder', 'club_sandwich', 'crab_cakes', 'creme_brulee', 'croque_madame', 'cup_cakes', 'deviled_eggs', 'donuts', 'dumplings', 'edamame', 'eggs_benedict', 'escargots', 'falafel', 'filet_mignon', 'fish_and_chips', 'foie_gras', 'french_fries', 'french_onion_soup', 'french_toast', 'fried_calamari', 'fried_rice', 'frozen_yogurt', 'garlic_bread', 'gnocchi', 'greek_salad', 'grilled_cheese_sandwich', 'grilled_salmon', 'guacamole', 'gyoza', 'hamburger', 'hot_and_sour_soup', 'hot_dog', 'huevos_rancheros', 'hummus', 'ice_cream', 'lasagna', 'lobster_bisque', 'lobster_roll_sandwich', 'macaroni_and_cheese', 'macarons', 'miso_soup', 'mussels', 'nachos', 'omelette', 'onion_rings', 'oysters', 'pad_thai', 'paella', 'pancakes', 'panna_cotta', 'peking_duck', 'pho', 'pizza', 'pork_chop', 'poutine', 'prime_rib', 'pulled_pork_sandwich', 'ramen', 'ravioli', 'red_velvet_cake', 'risotto', 'samosa', 'sashimi', 'scallops', 'seaweed_salad', 'shrimp_and_grits', 'spaghetti_bolognese', 'spaghetti_carbonara', 'spring_rolls', 'steak', 'strawberry_shortcake', 'sushi', 'tacos', 'takoyaki', 'tiramisu', 'tuna_tartare', 'waffles']
True
13023
test Loss: 0.6480 Acc: 0.4074
Testing complete in 2m 39s
Epoch 0/19
----------
LR is set to 0.001
/home/ubuntu/anaconda2/lib/python2.7/site-packages/PIL/TiffImagePlugin.py:692: UserWarning: Possibly corrupt EXIF data.  Expecting to read 6 bytes but only got 0. Skipping tag 271
  " Skipping tag %s" % (size, len(data), tag))
/home/ubuntu/anaconda2/lib/python2.7/site-packages/PIL/TiffImagePlugin.py:692: UserWarning: Possibly corrupt EXIF data.  Expecting to read 7 bytes but only got 0. Skipping tag 272
  " Skipping tag %s" % (size, len(data), tag))
/home/ubuntu/anaconda2/lib/python2.7/site-packages/PIL/TiffImagePlugin.py:692: UserWarning: Possibly corrupt EXIF data.  Expecting to read 8 bytes but only got 0. Skipping tag 282
  " Skipping tag %s" % (size, len(data), tag))
/home/ubuntu/anaconda2/lib/python2.7/site-packages/PIL/TiffImagePlugin.py:692: UserWarning: Possibly corrupt EXIF data.  Expecting to read 8 bytes but only got 0. Skipping tag 283
  " Skipping tag %s" % (size, len(data), tag))
/home/ubuntu/anaconda2/lib/python2.7/site-packages/PIL/TiffImagePlugin.py:692: UserWarning: Possibly corrupt EXIF data.  Expecting to read 20 bytes but only got 0. Skipping tag 306
  " Skipping tag %s" % (size, len(data), tag))
/home/ubuntu/anaconda2/lib/python2.7/site-packages/PIL/TiffImagePlugin.py:709: UserWarning: Corrupt EXIF data.  Expecting to read 2 bytes but only got 0. 
  warnings.warn(str(msg))
train Loss: 0.7110 Acc: 0.3417
val Loss: 0.6595 Acc: 0.4079

Epoch 1/19
----------
/home/ubuntu/anaconda2/lib/python2.7/site-packages/PIL/TiffImagePlugin.py:692: UserWarning: Possibly corrupt EXIF data.  Expecting to read 6 bytes but only got 0. Skipping tag 271
  " Skipping tag %s" % (size, len(data), tag))
/home/ubuntu/anaconda2/lib/python2.7/site-packages/PIL/TiffImagePlugin.py:692: UserWarning: Possibly corrupt EXIF data.  Expecting to read 7 bytes but only got 0. Skipping tag 272
  " Skipping tag %s" % (size, len(data), tag))
/home/ubuntu/anaconda2/lib/python2.7/site-packages/PIL/TiffImagePlugin.py:692: UserWarning: Possibly corrupt EXIF data.  Expecting to read 8 bytes but only got 0. Skipping tag 282
  " Skipping tag %s" % (size, len(data), tag))
/home/ubuntu/anaconda2/lib/python2.7/site-packages/PIL/TiffImagePlugin.py:692: UserWarning: Possibly corrupt EXIF data.  Expecting to read 8 bytes but only got 0. Skipping tag 283
  " Skipping tag %s" % (size, len(data), tag))
/home/ubuntu/anaconda2/lib/python2.7/site-packages/PIL/TiffImagePlugin.py:692: UserWarning: Possibly corrupt EXIF data.  Expecting to read 20 bytes but only got 0. Skipping tag 306
  " Skipping tag %s" % (size, len(data), tag))
/home/ubuntu/anaconda2/lib/python2.7/site-packages/PIL/TiffImagePlugin.py:709: UserWarning: Corrupt EXIF data.  Expecting to read 2 bytes but only got 0. 
  warnings.warn(str(msg))
train Loss: 0.7100 Acc: 0.3430
val Loss: 0.6547 Acc: 0.4132

Epoch 2/19
----------
/home/ubuntu/anaconda2/lib/python2.7/site-packages/PIL/TiffImagePlugin.py:692: UserWarning: Possibly corrupt EXIF data.  Expecting to read 6 bytes but only got 0. Skipping tag 271
  " Skipping tag %s" % (size, len(data), tag))
/home/ubuntu/anaconda2/lib/python2.7/site-packages/PIL/TiffImagePlugin.py:692: UserWarning: Possibly corrupt EXIF data.  Expecting to read 7 bytes but only got 0. Skipping tag 272
  " Skipping tag %s" % (size, len(data), tag))
/home/ubuntu/anaconda2/lib/python2.7/site-packages/PIL/TiffImagePlugin.py:692: UserWarning: Possibly corrupt EXIF data.  Expecting to read 8 bytes but only got 0. Skipping tag 282
  " Skipping tag %s" % (size, len(data), tag))
/home/ubuntu/anaconda2/lib/python2.7/site-packages/PIL/TiffImagePlugin.py:692: UserWarning: Possibly corrupt EXIF data.  Expecting to read 8 bytes but only got 0. Skipping tag 283
  " Skipping tag %s" % (size, len(data), tag))
/home/ubuntu/anaconda2/lib/python2.7/site-packages/PIL/TiffImagePlugin.py:692: UserWarning: Possibly corrupt EXIF data.  Expecting to read 20 bytes but only got 0. Skipping tag 306
  " Skipping tag %s" % (size, len(data), tag))
/home/ubuntu/anaconda2/lib/python2.7/site-packages/PIL/TiffImagePlugin.py:709: UserWarning: Corrupt EXIF data.  Expecting to read 2 bytes but only got 0. 
  warnings.warn(str(msg))
train Loss: 0.7104 Acc: 0.3415
val Loss: 0.6626 Acc: 0.4063

Epoch 3/19
----------
/home/ubuntu/anaconda2/lib/python2.7/site-packages/PIL/TiffImagePlugin.py:692: UserWarning: Possibly corrupt EXIF data.  Expecting to read 6 bytes but only got 0. Skipping tag 271
  " Skipping tag %s" % (size, len(data), tag))
/home/ubuntu/anaconda2/lib/python2.7/site-packages/PIL/TiffImagePlugin.py:692: UserWarning: Possibly corrupt EXIF data.  Expecting to read 7 bytes but only got 0. Skipping tag 272
  " Skipping tag %s" % (size, len(data), tag))
/home/ubuntu/anaconda2/lib/python2.7/site-packages/PIL/TiffImagePlugin.py:692: UserWarning: Possibly corrupt EXIF data.  Expecting to read 8 bytes but only got 0. Skipping tag 282
  " Skipping tag %s" % (size, len(data), tag))
/home/ubuntu/anaconda2/lib/python2.7/site-packages/PIL/TiffImagePlugin.py:692: UserWarning: Possibly corrupt EXIF data.  Expecting to read 8 bytes but only got 0. Skipping tag 283
  " Skipping tag %s" % (size, len(data), tag))
/home/ubuntu/anaconda2/lib/python2.7/site-packages/PIL/TiffImagePlugin.py:692: UserWarning: Possibly corrupt EXIF data.  Expecting to read 20 bytes but only got 0. Skipping tag 306
  " Skipping tag %s" % (size, len(data), tag))
/home/ubuntu/anaconda2/lib/python2.7/site-packages/PIL/TiffImagePlugin.py:709: UserWarning: Corrupt EXIF data.  Expecting to read 2 bytes but only got 0. 
  warnings.warn(str(msg))
train Loss: 0.7092 Acc: 0.3418
val Loss: 0.6698 Acc: 0.3999

Epoch 4/19
----------
/home/ubuntu/anaconda2/lib/python2.7/site-packages/PIL/TiffImagePlugin.py:692: UserWarning: Possibly corrupt EXIF data.  Expecting to read 6 bytes but only got 0. Skipping tag 271
  " Skipping tag %s" % (size, len(data), tag))
/home/ubuntu/anaconda2/lib/python2.7/site-packages/PIL/TiffImagePlugin.py:692: UserWarning: Possibly corrupt EXIF data.  Expecting to read 7 bytes but only got 0. Skipping tag 272
  " Skipping tag %s" % (size, len(data), tag))
/home/ubuntu/anaconda2/lib/python2.7/site-packages/PIL/TiffImagePlugin.py:692: UserWarning: Possibly corrupt EXIF data.  Expecting to read 8 bytes but only got 0. Skipping tag 282
  " Skipping tag %s" % (size, len(data), tag))
/home/ubuntu/anaconda2/lib/python2.7/site-packages/PIL/TiffImagePlugin.py:692: UserWarning: Possibly corrupt EXIF data.  Expecting to read 8 bytes but only got 0. Skipping tag 283
  " Skipping tag %s" % (size, len(data), tag))
/home/ubuntu/anaconda2/lib/python2.7/site-packages/PIL/TiffImagePlugin.py:692: UserWarning: Possibly corrupt EXIF data.  Expecting to read 20 bytes but only got 0. Skipping tag 306
  " Skipping tag %s" % (size, len(data), tag))
/home/ubuntu/anaconda2/lib/python2.7/site-packages/PIL/TiffImagePlugin.py:709: UserWarning: Corrupt EXIF data.  Expecting to read 2 bytes but only got 0. 
  warnings.warn(str(msg))
train Loss: 0.7080 Acc: 0.3457
val Loss: 0.6542 Acc: 0.4176

Epoch 5/19
----------
/home/ubuntu/anaconda2/lib/python2.7/site-packages/PIL/TiffImagePlugin.py:692: UserWarning: Possibly corrupt EXIF data.  Expecting to read 6 bytes but only got 0. Skipping tag 271
  " Skipping tag %s" % (size, len(data), tag))
/home/ubuntu/anaconda2/lib/python2.7/site-packages/PIL/TiffImagePlugin.py:692: UserWarning: Possibly corrupt EXIF data.  Expecting to read 7 bytes but only got 0. Skipping tag 272
  " Skipping tag %s" % (size, len(data), tag))
/home/ubuntu/anaconda2/lib/python2.7/site-packages/PIL/TiffImagePlugin.py:692: UserWarning: Possibly corrupt EXIF data.  Expecting to read 8 bytes but only got 0. Skipping tag 282
  " Skipping tag %s" % (size, len(data), tag))
/home/ubuntu/anaconda2/lib/python2.7/site-packages/PIL/TiffImagePlugin.py:692: UserWarning: Possibly corrupt EXIF data.  Expecting to read 8 bytes but only got 0. Skipping tag 283
  " Skipping tag %s" % (size, len(data), tag))
/home/ubuntu/anaconda2/lib/python2.7/site-packages/PIL/TiffImagePlugin.py:692: UserWarning: Possibly corrupt EXIF data.  Expecting to read 20 bytes but only got 0. Skipping tag 306
  " Skipping tag %s" % (size, len(data), tag))
/home/ubuntu/anaconda2/lib/python2.7/site-packages/PIL/TiffImagePlugin.py:709: UserWarning: Corrupt EXIF data.  Expecting to read 2 bytes but only got 0. 
  warnings.warn(str(msg))
train Loss: 0.7101 Acc: 0.3426
val Loss: 0.6609 Acc: 0.4096

Epoch 6/19
----------
/home/ubuntu/anaconda2/lib/python2.7/site-packages/PIL/TiffImagePlugin.py:692: UserWarning: Possibly corrupt EXIF data.  Expecting to read 6 bytes but only got 0. Skipping tag 271
  " Skipping tag %s" % (size, len(data), tag))
/home/ubuntu/anaconda2/lib/python2.7/site-packages/PIL/TiffImagePlugin.py:692: UserWarning: Possibly corrupt EXIF data.  Expecting to read 7 bytes but only got 0. Skipping tag 272
  " Skipping tag %s" % (size, len(data), tag))
/home/ubuntu/anaconda2/lib/python2.7/site-packages/PIL/TiffImagePlugin.py:692: UserWarning: Possibly corrupt EXIF data.  Expecting to read 8 bytes but only got 0. Skipping tag 282
  " Skipping tag %s" % (size, len(data), tag))
/home/ubuntu/anaconda2/lib/python2.7/site-packages/PIL/TiffImagePlugin.py:692: UserWarning: Possibly corrupt EXIF data.  Expecting to read 8 bytes but only got 0. Skipping tag 283
  " Skipping tag %s" % (size, len(data), tag))
/home/ubuntu/anaconda2/lib/python2.7/site-packages/PIL/TiffImagePlugin.py:692: UserWarning: Possibly corrupt EXIF data.  Expecting to read 20 bytes but only got 0. Skipping tag 306
  " Skipping tag %s" % (size, len(data), tag))
/home/ubuntu/anaconda2/lib/python2.7/site-packages/PIL/TiffImagePlugin.py:709: UserWarning: Corrupt EXIF data.  Expecting to read 2 bytes but only got 0. 
  warnings.warn(str(msg))
train Loss: 0.7104 Acc: 0.3431
val Loss: 0.6627 Acc: 0.4093

Epoch 7/19
----------
LR is set to 0.0001
/home/ubuntu/anaconda2/lib/python2.7/site-packages/PIL/TiffImagePlugin.py:692: UserWarning: Possibly corrupt EXIF data.  Expecting to read 6 bytes but only got 0. Skipping tag 271
  " Skipping tag %s" % (size, len(data), tag))
/home/ubuntu/anaconda2/lib/python2.7/site-packages/PIL/TiffImagePlugin.py:692: UserWarning: Possibly corrupt EXIF data.  Expecting to read 7 bytes but only got 0. Skipping tag 272
  " Skipping tag %s" % (size, len(data), tag))
/home/ubuntu/anaconda2/lib/python2.7/site-packages/PIL/TiffImagePlugin.py:692: UserWarning: Possibly corrupt EXIF data.  Expecting to read 8 bytes but only got 0. Skipping tag 282
  " Skipping tag %s" % (size, len(data), tag))
/home/ubuntu/anaconda2/lib/python2.7/site-packages/PIL/TiffImagePlugin.py:692: UserWarning: Possibly corrupt EXIF data.  Expecting to read 8 bytes but only got 0. Skipping tag 283
  " Skipping tag %s" % (size, len(data), tag))
/home/ubuntu/anaconda2/lib/python2.7/site-packages/PIL/TiffImagePlugin.py:692: UserWarning: Possibly corrupt EXIF data.  Expecting to read 20 bytes but only got 0. Skipping tag 306
  " Skipping tag %s" % (size, len(data), tag))
/home/ubuntu/anaconda2/lib/python2.7/site-packages/PIL/TiffImagePlugin.py:709: UserWarning: Corrupt EXIF data.  Expecting to read 2 bytes but only got 0. 
  warnings.warn(str(msg))
train Loss: 0.7102 Acc: 0.3425
val Loss: 0.6643 Acc: 0.4064

Epoch 8/19
----------
/home/ubuntu/anaconda2/lib/python2.7/site-packages/PIL/TiffImagePlugin.py:692: UserWarning: Possibly corrupt EXIF data.  Expecting to read 6 bytes but only got 0. Skipping tag 271
  " Skipping tag %s" % (size, len(data), tag))
/home/ubuntu/anaconda2/lib/python2.7/site-packages/PIL/TiffImagePlugin.py:692: UserWarning: Possibly corrupt EXIF data.  Expecting to read 7 bytes but only got 0. Skipping tag 272
  " Skipping tag %s" % (size, len(data), tag))
/home/ubuntu/anaconda2/lib/python2.7/site-packages/PIL/TiffImagePlugin.py:692: UserWarning: Possibly corrupt EXIF data.  Expecting to read 8 bytes but only got 0. Skipping tag 282
  " Skipping tag %s" % (size, len(data), tag))
/home/ubuntu/anaconda2/lib/python2.7/site-packages/PIL/TiffImagePlugin.py:692: UserWarning: Possibly corrupt EXIF data.  Expecting to read 8 bytes but only got 0. Skipping tag 283
  " Skipping tag %s" % (size, len(data), tag))
/home/ubuntu/anaconda2/lib/python2.7/site-packages/PIL/TiffImagePlugin.py:692: UserWarning: Possibly corrupt EXIF data.  Expecting to read 20 bytes but only got 0. Skipping tag 306
  " Skipping tag %s" % (size, len(data), tag))
/home/ubuntu/anaconda2/lib/python2.7/site-packages/PIL/TiffImagePlugin.py:709: UserWarning: Corrupt EXIF data.  Expecting to read 2 bytes but only got 0. 
  warnings.warn(str(msg))
train Loss: 0.7095 Acc: 0.3433
val Loss: 0.6696 Acc: 0.4024

Epoch 9/19
----------
/home/ubuntu/anaconda2/lib/python2.7/site-packages/PIL/TiffImagePlugin.py:692: UserWarning: Possibly corrupt EXIF data.  Expecting to read 6 bytes but only got 0. Skipping tag 271
  " Skipping tag %s" % (size, len(data), tag))
/home/ubuntu/anaconda2/lib/python2.7/site-packages/PIL/TiffImagePlugin.py:692: UserWarning: Possibly corrupt EXIF data.  Expecting to read 7 bytes but only got 0. Skipping tag 272
  " Skipping tag %s" % (size, len(data), tag))
/home/ubuntu/anaconda2/lib/python2.7/site-packages/PIL/TiffImagePlugin.py:692: UserWarning: Possibly corrupt EXIF data.  Expecting to read 8 bytes but only got 0. Skipping tag 282
  " Skipping tag %s" % (size, len(data), tag))
/home/ubuntu/anaconda2/lib/python2.7/site-packages/PIL/TiffImagePlugin.py:692: UserWarning: Possibly corrupt EXIF data.  Expecting to read 8 bytes but only got 0. Skipping tag 283
  " Skipping tag %s" % (size, len(data), tag))
/home/ubuntu/anaconda2/lib/python2.7/site-packages/PIL/TiffImagePlugin.py:692: UserWarning: Possibly corrupt EXIF data.  Expecting to read 20 bytes but only got 0. Skipping tag 306
  " Skipping tag %s" % (size, len(data), tag))
/home/ubuntu/anaconda2/lib/python2.7/site-packages/PIL/TiffImagePlugin.py:709: UserWarning: Corrupt EXIF data.  Expecting to read 2 bytes but only got 0. 
  warnings.warn(str(msg))
train Loss: 0.7095 Acc: 0.3422
val Loss: 0.6615 Acc: 0.4049

Epoch 10/19
----------
/home/ubuntu/anaconda2/lib/python2.7/site-packages/PIL/TiffImagePlugin.py:692: UserWarning: Possibly corrupt EXIF data.  Expecting to read 6 bytes but only got 0. Skipping tag 271
  " Skipping tag %s" % (size, len(data), tag))
/home/ubuntu/anaconda2/lib/python2.7/site-packages/PIL/TiffImagePlugin.py:692: UserWarning: Possibly corrupt EXIF data.  Expecting to read 7 bytes but only got 0. Skipping tag 272
  " Skipping tag %s" % (size, len(data), tag))
/home/ubuntu/anaconda2/lib/python2.7/site-packages/PIL/TiffImagePlugin.py:692: UserWarning: Possibly corrupt EXIF data.  Expecting to read 8 bytes but only got 0. Skipping tag 282
  " Skipping tag %s" % (size, len(data), tag))
/home/ubuntu/anaconda2/lib/python2.7/site-packages/PIL/TiffImagePlugin.py:692: UserWarning: Possibly corrupt EXIF data.  Expecting to read 8 bytes but only got 0. Skipping tag 283
  " Skipping tag %s" % (size, len(data), tag))
/home/ubuntu/anaconda2/lib/python2.7/site-packages/PIL/TiffImagePlugin.py:692: UserWarning: Possibly corrupt EXIF data.  Expecting to read 20 bytes but only got 0. Skipping tag 306
  " Skipping tag %s" % (size, len(data), tag))
/home/ubuntu/anaconda2/lib/python2.7/site-packages/PIL/TiffImagePlugin.py:709: UserWarning: Corrupt EXIF data.  Expecting to read 2 bytes but only got 0. 
  warnings.warn(str(msg))
train Loss: 0.7106 Acc: 0.3421
val Loss: 0.6596 Acc: 0.4126

Epoch 11/19
----------
/home/ubuntu/anaconda2/lib/python2.7/site-packages/PIL/TiffImagePlugin.py:692: UserWarning: Possibly corrupt EXIF data.  Expecting to read 6 bytes but only got 0. Skipping tag 271
  " Skipping tag %s" % (size, len(data), tag))
/home/ubuntu/anaconda2/lib/python2.7/site-packages/PIL/TiffImagePlugin.py:692: UserWarning: Possibly corrupt EXIF data.  Expecting to read 7 bytes but only got 0. Skipping tag 272
  " Skipping tag %s" % (size, len(data), tag))
/home/ubuntu/anaconda2/lib/python2.7/site-packages/PIL/TiffImagePlugin.py:692: UserWarning: Possibly corrupt EXIF data.  Expecting to read 8 bytes but only got 0. Skipping tag 282
  " Skipping tag %s" % (size, len(data), tag))
/home/ubuntu/anaconda2/lib/python2.7/site-packages/PIL/TiffImagePlugin.py:692: UserWarning: Possibly corrupt EXIF data.  Expecting to read 8 bytes but only got 0. Skipping tag 283
  " Skipping tag %s" % (size, len(data), tag))
/home/ubuntu/anaconda2/lib/python2.7/site-packages/PIL/TiffImagePlugin.py:692: UserWarning: Possibly corrupt EXIF data.  Expecting to read 20 bytes but only got 0. Skipping tag 306
  " Skipping tag %s" % (size, len(data), tag))
/home/ubuntu/anaconda2/lib/python2.7/site-packages/PIL/TiffImagePlugin.py:709: UserWarning: Corrupt EXIF data.  Expecting to read 2 bytes but only got 0. 
  warnings.warn(str(msg))
train Loss: 0.7103 Acc: 0.3440
val Loss: 0.6594 Acc: 0.4125

Epoch 12/19
----------
/home/ubuntu/anaconda2/lib/python2.7/site-packages/PIL/TiffImagePlugin.py:692: UserWarning: Possibly corrupt EXIF data.  Expecting to read 6 bytes but only got 0. Skipping tag 271
  " Skipping tag %s" % (size, len(data), tag))
/home/ubuntu/anaconda2/lib/python2.7/site-packages/PIL/TiffImagePlugin.py:692: UserWarning: Possibly corrupt EXIF data.  Expecting to read 7 bytes but only got 0. Skipping tag 272
  " Skipping tag %s" % (size, len(data), tag))
/home/ubuntu/anaconda2/lib/python2.7/site-packages/PIL/TiffImagePlugin.py:692: UserWarning: Possibly corrupt EXIF data.  Expecting to read 8 bytes but only got 0. Skipping tag 282
  " Skipping tag %s" % (size, len(data), tag))
/home/ubuntu/anaconda2/lib/python2.7/site-packages/PIL/TiffImagePlugin.py:692: UserWarning: Possibly corrupt EXIF data.  Expecting to read 8 bytes but only got 0. Skipping tag 283
  " Skipping tag %s" % (size, len(data), tag))
/home/ubuntu/anaconda2/lib/python2.7/site-packages/PIL/TiffImagePlugin.py:692: UserWarning: Possibly corrupt EXIF data.  Expecting to read 20 bytes but only got 0. Skipping tag 306
  " Skipping tag %s" % (size, len(data), tag))
/home/ubuntu/anaconda2/lib/python2.7/site-packages/PIL/TiffImagePlugin.py:709: UserWarning: Corrupt EXIF data.  Expecting to read 2 bytes but only got 0. 
  warnings.warn(str(msg))
train Loss: 0.7097 Acc: 0.3426
val Loss: 0.6668 Acc: 0.4113

Epoch 13/19
----------
/home/ubuntu/anaconda2/lib/python2.7/site-packages/PIL/TiffImagePlugin.py:692: UserWarning: Possibly corrupt EXIF data.  Expecting to read 6 bytes but only got 0. Skipping tag 271
  " Skipping tag %s" % (size, len(data), tag))
/home/ubuntu/anaconda2/lib/python2.7/site-packages/PIL/TiffImagePlugin.py:692: UserWarning: Possibly corrupt EXIF data.  Expecting to read 7 bytes but only got 0. Skipping tag 272
  " Skipping tag %s" % (size, len(data), tag))
/home/ubuntu/anaconda2/lib/python2.7/site-packages/PIL/TiffImagePlugin.py:692: UserWarning: Possibly corrupt EXIF data.  Expecting to read 8 bytes but only got 0. Skipping tag 282
  " Skipping tag %s" % (size, len(data), tag))
/home/ubuntu/anaconda2/lib/python2.7/site-packages/PIL/TiffImagePlugin.py:692: UserWarning: Possibly corrupt EXIF data.  Expecting to read 8 bytes but only got 0. Skipping tag 283
  " Skipping tag %s" % (size, len(data), tag))
/home/ubuntu/anaconda2/lib/python2.7/site-packages/PIL/TiffImagePlugin.py:692: UserWarning: Possibly corrupt EXIF data.  Expecting to read 20 bytes but only got 0. Skipping tag 306
  " Skipping tag %s" % (size, len(data), tag))
/home/ubuntu/anaconda2/lib/python2.7/site-packages/PIL/TiffImagePlugin.py:709: UserWarning: Corrupt EXIF data.  Expecting to read 2 bytes but only got 0. 
  warnings.warn(str(msg))
train Loss: 0.7104 Acc: 0.3409
val Loss: 0.6481 Acc: 0.4180

Epoch 14/19
----------
LR is set to 1e-05
/home/ubuntu/anaconda2/lib/python2.7/site-packages/PIL/TiffImagePlugin.py:692: UserWarning: Possibly corrupt EXIF data.  Expecting to read 6 bytes but only got 0. Skipping tag 271
  " Skipping tag %s" % (size, len(data), tag))
/home/ubuntu/anaconda2/lib/python2.7/site-packages/PIL/TiffImagePlugin.py:692: UserWarning: Possibly corrupt EXIF data.  Expecting to read 7 bytes but only got 0. Skipping tag 272
  " Skipping tag %s" % (size, len(data), tag))
/home/ubuntu/anaconda2/lib/python2.7/site-packages/PIL/TiffImagePlugin.py:692: UserWarning: Possibly corrupt EXIF data.  Expecting to read 8 bytes but only got 0. Skipping tag 282
  " Skipping tag %s" % (size, len(data), tag))
/home/ubuntu/anaconda2/lib/python2.7/site-packages/PIL/TiffImagePlugin.py:692: UserWarning: Possibly corrupt EXIF data.  Expecting to read 8 bytes but only got 0. Skipping tag 283
  " Skipping tag %s" % (size, len(data), tag))
/home/ubuntu/anaconda2/lib/python2.7/site-packages/PIL/TiffImagePlugin.py:692: UserWarning: Possibly corrupt EXIF data.  Expecting to read 20 bytes but only got 0. Skipping tag 306
  " Skipping tag %s" % (size, len(data), tag))
/home/ubuntu/anaconda2/lib/python2.7/site-packages/PIL/TiffImagePlugin.py:709: UserWarning: Corrupt EXIF data.  Expecting to read 2 bytes but only got 0. 
  warnings.warn(str(msg))
train Loss: 0.7105 Acc: 0.3409
val Loss: 0.6534 Acc: 0.4122

Epoch 15/19
----------
/home/ubuntu/anaconda2/lib/python2.7/site-packages/PIL/TiffImagePlugin.py:692: UserWarning: Possibly corrupt EXIF data.  Expecting to read 6 bytes but only got 0. Skipping tag 271
  " Skipping tag %s" % (size, len(data), tag))
/home/ubuntu/anaconda2/lib/python2.7/site-packages/PIL/TiffImagePlugin.py:692: UserWarning: Possibly corrupt EXIF data.  Expecting to read 7 bytes but only got 0. Skipping tag 272
  " Skipping tag %s" % (size, len(data), tag))
/home/ubuntu/anaconda2/lib/python2.7/site-packages/PIL/TiffImagePlugin.py:692: UserWarning: Possibly corrupt EXIF data.  Expecting to read 8 bytes but only got 0. Skipping tag 282
  " Skipping tag %s" % (size, len(data), tag))
/home/ubuntu/anaconda2/lib/python2.7/site-packages/PIL/TiffImagePlugin.py:692: UserWarning: Possibly corrupt EXIF data.  Expecting to read 8 bytes but only got 0. Skipping tag 283
  " Skipping tag %s" % (size, len(data), tag))
/home/ubuntu/anaconda2/lib/python2.7/site-packages/PIL/TiffImagePlugin.py:692: UserWarning: Possibly corrupt EXIF data.  Expecting to read 20 bytes but only got 0. Skipping tag 306
  " Skipping tag %s" % (size, len(data), tag))
/home/ubuntu/anaconda2/lib/python2.7/site-packages/PIL/TiffImagePlugin.py:709: UserWarning: Corrupt EXIF data.  Expecting to read 2 bytes but only got 0. 
  warnings.warn(str(msg))
train Loss: 0.7081 Acc: 0.3447
val Loss: 0.6581 Acc: 0.4084

Epoch 16/19
----------
/home/ubuntu/anaconda2/lib/python2.7/site-packages/PIL/TiffImagePlugin.py:692: UserWarning: Possibly corrupt EXIF data.  Expecting to read 6 bytes but only got 0. Skipping tag 271
  " Skipping tag %s" % (size, len(data), tag))
/home/ubuntu/anaconda2/lib/python2.7/site-packages/PIL/TiffImagePlugin.py:692: UserWarning: Possibly corrupt EXIF data.  Expecting to read 7 bytes but only got 0. Skipping tag 272
  " Skipping tag %s" % (size, len(data), tag))
/home/ubuntu/anaconda2/lib/python2.7/site-packages/PIL/TiffImagePlugin.py:692: UserWarning: Possibly corrupt EXIF data.  Expecting to read 8 bytes but only got 0. Skipping tag 282
  " Skipping tag %s" % (size, len(data), tag))
/home/ubuntu/anaconda2/lib/python2.7/site-packages/PIL/TiffImagePlugin.py:692: UserWarning: Possibly corrupt EXIF data.  Expecting to read 8 bytes but only got 0. Skipping tag 283
  " Skipping tag %s" % (size, len(data), tag))
/home/ubuntu/anaconda2/lib/python2.7/site-packages/PIL/TiffImagePlugin.py:692: UserWarning: Possibly corrupt EXIF data.  Expecting to read 20 bytes but only got 0. Skipping tag 306
  " Skipping tag %s" % (size, len(data), tag))
/home/ubuntu/anaconda2/lib/python2.7/site-packages/PIL/TiffImagePlugin.py:709: UserWarning: Corrupt EXIF data.  Expecting to read 2 bytes but only got 0. 
  warnings.warn(str(msg))
train Loss: 0.7077 Acc: 0.3449
val Loss: 0.6555 Acc: 0.4136

Epoch 17/19
----------
/home/ubuntu/anaconda2/lib/python2.7/site-packages/PIL/TiffImagePlugin.py:692: UserWarning: Possibly corrupt EXIF data.  Expecting to read 6 bytes but only got 0. Skipping tag 271
  " Skipping tag %s" % (size, len(data), tag))
/home/ubuntu/anaconda2/lib/python2.7/site-packages/PIL/TiffImagePlugin.py:692: UserWarning: Possibly corrupt EXIF data.  Expecting to read 7 bytes but only got 0. Skipping tag 272
  " Skipping tag %s" % (size, len(data), tag))
/home/ubuntu/anaconda2/lib/python2.7/site-packages/PIL/TiffImagePlugin.py:692: UserWarning: Possibly corrupt EXIF data.  Expecting to read 8 bytes but only got 0. Skipping tag 282
  " Skipping tag %s" % (size, len(data), tag))
/home/ubuntu/anaconda2/lib/python2.7/site-packages/PIL/TiffImagePlugin.py:692: UserWarning: Possibly corrupt EXIF data.  Expecting to read 8 bytes but only got 0. Skipping tag 283
  " Skipping tag %s" % (size, len(data), tag))
/home/ubuntu/anaconda2/lib/python2.7/site-packages/PIL/TiffImagePlugin.py:692: UserWarning: Possibly corrupt EXIF data.  Expecting to read 20 bytes but only got 0. Skipping tag 306
  " Skipping tag %s" % (size, len(data), tag))
/home/ubuntu/anaconda2/lib/python2.7/site-packages/PIL/TiffImagePlugin.py:709: UserWarning: Corrupt EXIF data.  Expecting to read 2 bytes but only got 0. 
  warnings.warn(str(msg))
train Loss: 0.7100 Acc: 0.3437
val Loss: 0.6653 Acc: 0.4049

Epoch 18/19
----------
/home/ubuntu/anaconda2/lib/python2.7/site-packages/PIL/TiffImagePlugin.py:692: UserWarning: Possibly corrupt EXIF data.  Expecting to read 6 bytes but only got 0. Skipping tag 271
  " Skipping tag %s" % (size, len(data), tag))
/home/ubuntu/anaconda2/lib/python2.7/site-packages/PIL/TiffImagePlugin.py:692: UserWarning: Possibly corrupt EXIF data.  Expecting to read 7 bytes but only got 0. Skipping tag 272
  " Skipping tag %s" % (size, len(data), tag))
/home/ubuntu/anaconda2/lib/python2.7/site-packages/PIL/TiffImagePlugin.py:692: UserWarning: Possibly corrupt EXIF data.  Expecting to read 8 bytes but only got 0. Skipping tag 282
  " Skipping tag %s" % (size, len(data), tag))
/home/ubuntu/anaconda2/lib/python2.7/site-packages/PIL/TiffImagePlugin.py:692: UserWarning: Possibly corrupt EXIF data.  Expecting to read 8 bytes but only got 0. Skipping tag 283
  " Skipping tag %s" % (size, len(data), tag))
/home/ubuntu/anaconda2/lib/python2.7/site-packages/PIL/TiffImagePlugin.py:692: UserWarning: Possibly corrupt EXIF data.  Expecting to read 20 bytes but only got 0. Skipping tag 306
  " Skipping tag %s" % (size, len(data), tag))
/home/ubuntu/anaconda2/lib/python2.7/site-packages/PIL/TiffImagePlugin.py:709: UserWarning: Corrupt EXIF data.  Expecting to read 2 bytes but only got 0. 
  warnings.warn(str(msg))
train Loss: 0.7107 Acc: 0.3440
val Loss: 0.6569 Acc: 0.4132

Epoch 19/19
----------
/home/ubuntu/anaconda2/lib/python2.7/site-packages/PIL/TiffImagePlugin.py:692: UserWarning: Possibly corrupt EXIF data.  Expecting to read 6 bytes but only got 0. Skipping tag 271
  " Skipping tag %s" % (size, len(data), tag))
/home/ubuntu/anaconda2/lib/python2.7/site-packages/PIL/TiffImagePlugin.py:692: UserWarning: Possibly corrupt EXIF data.  Expecting to read 7 bytes but only got 0. Skipping tag 272
  " Skipping tag %s" % (size, len(data), tag))
/home/ubuntu/anaconda2/lib/python2.7/site-packages/PIL/TiffImagePlugin.py:692: UserWarning: Possibly corrupt EXIF data.  Expecting to read 8 bytes but only got 0. Skipping tag 282
  " Skipping tag %s" % (size, len(data), tag))
/home/ubuntu/anaconda2/lib/python2.7/site-packages/PIL/TiffImagePlugin.py:692: UserWarning: Possibly corrupt EXIF data.  Expecting to read 8 bytes but only got 0. Skipping tag 283
  " Skipping tag %s" % (size, len(data), tag))
/home/ubuntu/anaconda2/lib/python2.7/site-packages/PIL/TiffImagePlugin.py:692: UserWarning: Possibly corrupt EXIF data.  Expecting to read 20 bytes but only got 0. Skipping tag 306
  " Skipping tag %s" % (size, len(data), tag))
/home/ubuntu/anaconda2/lib/python2.7/site-packages/PIL/TiffImagePlugin.py:709: UserWarning: Corrupt EXIF data.  Expecting to read 2 bytes but only got 0. 
  warnings.warn(str(msg))
train Loss: 0.7101 Acc: 0.3428
val Loss: 0.6588 Acc: 0.4095

Training complete in 336m 42s
Best val Acc: 0.418009
13023
test Loss: 0.6571 Acc: 0.4084
Testing complete in 2m 39s
Epoch 0/9
----------
LR is set to 0.001
/home/ubuntu/anaconda2/lib/python2.7/site-packages/PIL/TiffImagePlugin.py:692: UserWarning: Possibly corrupt EXIF data.  Expecting to read 6 bytes but only got 0. Skipping tag 271
  " Skipping tag %s" % (size, len(data), tag))
/home/ubuntu/anaconda2/lib/python2.7/site-packages/PIL/TiffImagePlugin.py:692: UserWarning: Possibly corrupt EXIF data.  Expecting to read 7 bytes but only got 0. Skipping tag 272
  " Skipping tag %s" % (size, len(data), tag))
/home/ubuntu/anaconda2/lib/python2.7/site-packages/PIL/TiffImagePlugin.py:692: UserWarning: Possibly corrupt EXIF data.  Expecting to read 8 bytes but only got 0. Skipping tag 282
  " Skipping tag %s" % (size, len(data), tag))
/home/ubuntu/anaconda2/lib/python2.7/site-packages/PIL/TiffImagePlugin.py:692: UserWarning: Possibly corrupt EXIF data.  Expecting to read 8 bytes but only got 0. Skipping tag 283
  " Skipping tag %s" % (size, len(data), tag))
/home/ubuntu/anaconda2/lib/python2.7/site-packages/PIL/TiffImagePlugin.py:692: UserWarning: Possibly corrupt EXIF data.  Expecting to read 20 bytes but only got 0. Skipping tag 306
  " Skipping tag %s" % (size, len(data), tag))
/home/ubuntu/anaconda2/lib/python2.7/site-packages/PIL/TiffImagePlugin.py:709: UserWarning: Corrupt EXIF data.  Expecting to read 2 bytes but only got 0. 
  warnings.warn(str(msg))
train Loss: 0.7098 Acc: 0.3428
val Loss: 0.6544 Acc: 0.4129

Epoch 1/9
----------
/home/ubuntu/anaconda2/lib/python2.7/site-packages/PIL/TiffImagePlugin.py:692: UserWarning: Possibly corrupt EXIF data.  Expecting to read 6 bytes but only got 0. Skipping tag 271
  " Skipping tag %s" % (size, len(data), tag))
/home/ubuntu/anaconda2/lib/python2.7/site-packages/PIL/TiffImagePlugin.py:692: UserWarning: Possibly corrupt EXIF data.  Expecting to read 7 bytes but only got 0. Skipping tag 272
  " Skipping tag %s" % (size, len(data), tag))
/home/ubuntu/anaconda2/lib/python2.7/site-packages/PIL/TiffImagePlugin.py:692: UserWarning: Possibly corrupt EXIF data.  Expecting to read 8 bytes but only got 0. Skipping tag 282
  " Skipping tag %s" % (size, len(data), tag))
/home/ubuntu/anaconda2/lib/python2.7/site-packages/PIL/TiffImagePlugin.py:692: UserWarning: Possibly corrupt EXIF data.  Expecting to read 8 bytes but only got 0. Skipping tag 283
  " Skipping tag %s" % (size, len(data), tag))
/home/ubuntu/anaconda2/lib/python2.7/site-packages/PIL/TiffImagePlugin.py:692: UserWarning: Possibly corrupt EXIF data.  Expecting to read 20 bytes but only got 0. Skipping tag 306
  " Skipping tag %s" % (size, len(data), tag))
/home/ubuntu/anaconda2/lib/python2.7/site-packages/PIL/TiffImagePlugin.py:709: UserWarning: Corrupt EXIF data.  Expecting to read 2 bytes but only got 0. 
  warnings.warn(str(msg))
train Loss: 0.7104 Acc: 0.3429
val Loss: 0.6625 Acc: 0.4125

Epoch 2/9
----------
/home/ubuntu/anaconda2/lib/python2.7/site-packages/PIL/TiffImagePlugin.py:692: UserWarning: Possibly corrupt EXIF data.  Expecting to read 6 bytes but only got 0. Skipping tag 271
  " Skipping tag %s" % (size, len(data), tag))
/home/ubuntu/anaconda2/lib/python2.7/site-packages/PIL/TiffImagePlugin.py:692: UserWarning: Possibly corrupt EXIF data.  Expecting to read 7 bytes but only got 0. Skipping tag 272
  " Skipping tag %s" % (size, len(data), tag))
/home/ubuntu/anaconda2/lib/python2.7/site-packages/PIL/TiffImagePlugin.py:692: UserWarning: Possibly corrupt EXIF data.  Expecting to read 8 bytes but only got 0. Skipping tag 282
  " Skipping tag %s" % (size, len(data), tag))
/home/ubuntu/anaconda2/lib/python2.7/site-packages/PIL/TiffImagePlugin.py:692: UserWarning: Possibly corrupt EXIF data.  Expecting to read 8 bytes but only got 0. Skipping tag 283
  " Skipping tag %s" % (size, len(data), tag))
/home/ubuntu/anaconda2/lib/python2.7/site-packages/PIL/TiffImagePlugin.py:692: UserWarning: Possibly corrupt EXIF data.  Expecting to read 20 bytes but only got 0. Skipping tag 306
  " Skipping tag %s" % (size, len(data), tag))
/home/ubuntu/anaconda2/lib/python2.7/site-packages/PIL/TiffImagePlugin.py:709: UserWarning: Corrupt EXIF data.  Expecting to read 2 bytes but only got 0. 
  warnings.warn(str(msg))
train Loss: 0.7087 Acc: 0.3437
val Loss: 0.6543 Acc: 0.4142

Epoch 3/9
----------
/home/ubuntu/anaconda2/lib/python2.7/site-packages/PIL/TiffImagePlugin.py:692: UserWarning: Possibly corrupt EXIF data.  Expecting to read 6 bytes but only got 0. Skipping tag 271
  " Skipping tag %s" % (size, len(data), tag))
/home/ubuntu/anaconda2/lib/python2.7/site-packages/PIL/TiffImagePlugin.py:692: UserWarning: Possibly corrupt EXIF data.  Expecting to read 7 bytes but only got 0. Skipping tag 272
  " Skipping tag %s" % (size, len(data), tag))
/home/ubuntu/anaconda2/lib/python2.7/site-packages/PIL/TiffImagePlugin.py:692: UserWarning: Possibly corrupt EXIF data.  Expecting to read 8 bytes but only got 0. Skipping tag 282
  " Skipping tag %s" % (size, len(data), tag))
/home/ubuntu/anaconda2/lib/python2.7/site-packages/PIL/TiffImagePlugin.py:692: UserWarning: Possibly corrupt EXIF data.  Expecting to read 8 bytes but only got 0. Skipping tag 283
  " Skipping tag %s" % (size, len(data), tag))
/home/ubuntu/anaconda2/lib/python2.7/site-packages/PIL/TiffImagePlugin.py:692: UserWarning: Possibly corrupt EXIF data.  Expecting to read 20 bytes but only got 0. Skipping tag 306
  " Skipping tag %s" % (size, len(data), tag))
/home/ubuntu/anaconda2/lib/python2.7/site-packages/PIL/TiffImagePlugin.py:709: UserWarning: Corrupt EXIF data.  Expecting to read 2 bytes but only got 0. 
  warnings.warn(str(msg))
train Loss: 0.7111 Acc: 0.3428
val Loss: 0.6592 Acc: 0.4120

Epoch 4/9
----------
/home/ubuntu/anaconda2/lib/python2.7/site-packages/PIL/TiffImagePlugin.py:692: UserWarning: Possibly corrupt EXIF data.  Expecting to read 6 bytes but only got 0. Skipping tag 271
  " Skipping tag %s" % (size, len(data), tag))
/home/ubuntu/anaconda2/lib/python2.7/site-packages/PIL/TiffImagePlugin.py:692: UserWarning: Possibly corrupt EXIF data.  Expecting to read 7 bytes but only got 0. Skipping tag 272
  " Skipping tag %s" % (size, len(data), tag))
/home/ubuntu/anaconda2/lib/python2.7/site-packages/PIL/TiffImagePlugin.py:692: UserWarning: Possibly corrupt EXIF data.  Expecting to read 8 bytes but only got 0. Skipping tag 282
  " Skipping tag %s" % (size, len(data), tag))
/home/ubuntu/anaconda2/lib/python2.7/site-packages/PIL/TiffImagePlugin.py:692: UserWarning: Possibly corrupt EXIF data.  Expecting to read 8 bytes but only got 0. Skipping tag 283
  " Skipping tag %s" % (size, len(data), tag))
/home/ubuntu/anaconda2/lib/python2.7/site-packages/PIL/TiffImagePlugin.py:692: UserWarning: Possibly corrupt EXIF data.  Expecting to read 20 bytes but only got 0. Skipping tag 306
  " Skipping tag %s" % (size, len(data), tag))
/home/ubuntu/anaconda2/lib/python2.7/site-packages/PIL/TiffImagePlugin.py:709: UserWarning: Corrupt EXIF data.  Expecting to read 2 bytes but only got 0. 
  warnings.warn(str(msg))
train Loss: 0.7107 Acc: 0.3439
val Loss: 0.6553 Acc: 0.4145

Epoch 5/9
----------
/home/ubuntu/anaconda2/lib/python2.7/site-packages/PIL/TiffImagePlugin.py:692: UserWarning: Possibly corrupt EXIF data.  Expecting to read 6 bytes but only got 0. Skipping tag 271
  " Skipping tag %s" % (size, len(data), tag))
/home/ubuntu/anaconda2/lib/python2.7/site-packages/PIL/TiffImagePlugin.py:692: UserWarning: Possibly corrupt EXIF data.  Expecting to read 7 bytes but only got 0. Skipping tag 272
  " Skipping tag %s" % (size, len(data), tag))
/home/ubuntu/anaconda2/lib/python2.7/site-packages/PIL/TiffImagePlugin.py:692: UserWarning: Possibly corrupt EXIF data.  Expecting to read 8 bytes but only got 0. Skipping tag 282
  " Skipping tag %s" % (size, len(data), tag))
/home/ubuntu/anaconda2/lib/python2.7/site-packages/PIL/TiffImagePlugin.py:692: UserWarning: Possibly corrupt EXIF data.  Expecting to read 8 bytes but only got 0. Skipping tag 283
  " Skipping tag %s" % (size, len(data), tag))
/home/ubuntu/anaconda2/lib/python2.7/site-packages/PIL/TiffImagePlugin.py:692: UserWarning: Possibly corrupt EXIF data.  Expecting to read 20 bytes but only got 0. Skipping tag 306
  " Skipping tag %s" % (size, len(data), tag))
/home/ubuntu/anaconda2/lib/python2.7/site-packages/PIL/TiffImagePlugin.py:709: UserWarning: Corrupt EXIF data.  Expecting to read 2 bytes but only got 0. 
  warnings.warn(str(msg))
train Loss: 0.7096 Acc: 0.3439
val Loss: 0.6569 Acc: 0.4056

Epoch 6/9
----------
/home/ubuntu/anaconda2/lib/python2.7/site-packages/PIL/TiffImagePlugin.py:692: UserWarning: Possibly corrupt EXIF data.  Expecting to read 6 bytes but only got 0. Skipping tag 271
  " Skipping tag %s" % (size, len(data), tag))
/home/ubuntu/anaconda2/lib/python2.7/site-packages/PIL/TiffImagePlugin.py:692: UserWarning: Possibly corrupt EXIF data.  Expecting to read 7 bytes but only got 0. Skipping tag 272
  " Skipping tag %s" % (size, len(data), tag))
/home/ubuntu/anaconda2/lib/python2.7/site-packages/PIL/TiffImagePlugin.py:692: UserWarning: Possibly corrupt EXIF data.  Expecting to read 8 bytes but only got 0. Skipping tag 282
  " Skipping tag %s" % (size, len(data), tag))
/home/ubuntu/anaconda2/lib/python2.7/site-packages/PIL/TiffImagePlugin.py:692: UserWarning: Possibly corrupt EXIF data.  Expecting to read 8 bytes but only got 0. Skipping tag 283
  " Skipping tag %s" % (size, len(data), tag))
/home/ubuntu/anaconda2/lib/python2.7/site-packages/PIL/TiffImagePlugin.py:692: UserWarning: Possibly corrupt EXIF data.  Expecting to read 20 bytes but only got 0. Skipping tag 306
  " Skipping tag %s" % (size, len(data), tag))
/home/ubuntu/anaconda2/lib/python2.7/site-packages/PIL/TiffImagePlugin.py:709: UserWarning: Corrupt EXIF data.  Expecting to read 2 bytes but only got 0. 
  warnings.warn(str(msg))
